2025-06-06 11:40:45,166 INFO Portfolio background worker started
2025-06-06 11:40:45,887 INFO Portfolio background worker started
2025-06-06 11:41:10,923 INFO Portfolio background worker stopped
2025-06-06 11:41:10,924 INFO Portfolio background worker stopped
2025-06-06 11:41:14,285 INFO Portfolio background worker started
2025-06-06 11:41:15,275 INFO Portfolio background worker started
2025-06-06 11:41:55,344 INFO Portfolio background worker stopped
2025-06-06 11:41:55,344 INFO Portfolio background worker stopped
2025-06-06 11:41:59,742 INFO Portfolio background worker started
2025-06-06 11:42:00,320 INFO Portfolio background worker started
2025-06-06 11:42:46,921 INFO Portfolio background worker started
2025-06-06 11:42:47,505 INFO Portfolio background worker started
2025-06-06 11:42:50,396 INFO Portfolio background worker stopped
2025-06-06 11:42:50,396 INFO Portfolio background worker stopped
2025-06-06 11:46:37,788 INFO Portfolio background worker stopped
2025-06-06 11:46:37,793 INFO Portfolio background worker stopped
2025-06-06 11:46:43,017 INFO Portfolio background worker started
2025-06-06 11:46:43,664 INFO Portfolio background worker started
2025-06-06 11:46:55,830 INFO Successfully initialized cache for user 1 (type: demo)
2025-06-06 11:48:48,840 INFO Portfolio background worker stopped
2025-06-06 11:48:48,841 INFO Portfolio background worker stopped
2025-06-06 11:48:54,244 INFO Portfolio background worker started
2025-06-06 11:48:54,882 INFO Portfolio background worker started
2025-06-06 11:49:29,944 INFO Portfolio background worker stopped
2025-06-06 11:49:29,945 INFO Portfolio background worker stopped
2025-06-06 11:49:33,769 INFO Portfolio background worker started
2025-06-06 11:49:34,470 INFO Portfolio background worker started
2025-06-06 11:50:09,518 INFO Portfolio background worker stopped
2025-06-06 11:50:09,519 INFO Portfolio background worker stopped
2025-06-06 11:57:37,403 INFO Portfolio background worker started
2025-06-06 11:57:38,041 INFO Portfolio background worker started
2025-06-06 11:58:18,099 INFO Portfolio background worker stopped
2025-06-06 11:58:18,100 INFO Portfolio background worker stopped
2025-06-06 11:58:23,945 INFO Portfolio background worker started
2025-06-06 11:58:24,932 INFO Portfolio background worker started
2025-06-06 11:58:27,035 INFO Portfolio worker task cancelled
2025-06-06 11:58:27,035 INFO Portfolio background worker stopped
2025-06-06 11:58:27,037 INFO Portfolio background worker stopped
2025-06-06 11:58:31,089 INFO Portfolio background worker started
2025-06-06 11:58:31,837 INFO Portfolio background worker started
2025-06-06 11:59:41,929 INFO Portfolio background worker stopped
2025-06-06 11:59:41,929 INFO Portfolio background worker stopped
2025-06-06 11:59:46,123 INFO Portfolio background worker started
2025-06-06 11:59:47,334 INFO Portfolio background worker started
2025-06-06 11:59:52,347 INFO Portfolio background worker stopped
2025-06-06 11:59:52,348 INFO Portfolio background worker stopped
2025-06-06 12:07:47,371 INFO Portfolio background worker started
2025-06-06 12:07:48,163 INFO Portfolio background worker started
2025-06-06 12:07:51,075 INFO Successfully initialized cache for user 1 (type: demo)
2025-06-06 12:08:23,284 INFO Portfolio background worker stopped
2025-06-06 12:08:23,285 INFO Portfolio background worker stopped
2025-06-06 12:15:57,236 INFO Portfolio background worker started
2025-06-06 12:15:57,949 INFO Portfolio background worker started
2025-06-06 12:16:03,243 INFO Successfully initialized cache for user 1 (type: demo)
2025-06-06 12:17:20,621 INFO Successfully initialized cache for user 1 (type: demo)
2025-06-06 22:27:52,164 INFO Portfolio background worker started
2025-06-06 22:27:53,103 INFO Portfolio background worker started
2025-06-06 22:30:16,071 INFO Successfully initialized cache for user 4 (type: live)
2025-06-06 22:30:34,822 INFO Successfully initialized cache for user 4 (type: live)
2025-06-06 22:31:53,432 INFO Portfolio background worker stopped
2025-06-06 22:31:53,432 INFO Portfolio background worker stopped
2025-06-06 22:32:26,597 INFO Portfolio background worker started
2025-06-06 22:32:27,224 INFO Portfolio background worker started
2025-06-06 22:32:56,394 INFO Successfully initialized cache for user 4 (type: live)
2025-06-06 22:38:22,814 INFO Portfolio background worker stopped
2025-06-06 22:38:22,814 INFO Portfolio background worker stopped
2025-06-06 22:40:25,891 INFO Portfolio background worker started
2025-06-06 22:40:26,573 INFO Portfolio background worker started
2025-06-06 22:54:28,822 INFO Portfolio background worker stopped
2025-06-06 22:54:28,823 INFO Portfolio background worker stopped
2025-06-06 22:59:19,917 INFO Portfolio background worker started
2025-06-06 22:59:20,652 INFO Portfolio background worker started
2025-06-06 23:11:41,826 INFO Portfolio background worker stopped
2025-06-06 23:11:41,827 INFO Portfolio background worker stopped
